mode: atomic
github.com/x-motemen/ghq/logger/log.go:52.13,54.2 1 1
github.com/x-motemen/ghq/logger/log.go:56.21,57.33 1 3
github.com/x-motemen/ghq/logger/log.go:57.33,59.3 1 1
github.com/x-motemen/ghq/logger/log.go:60.2,60.22 1 3
github.com/x-motemen/ghq/logger/log.go:64.29,66.2 1 3
github.com/x-motemen/ghq/logger/log.go:69.34,71.2 1 12
github.com/x-motemen/ghq/logger/log.go:74.52,76.2 1 0
github.com/x-motemen/ghq/cmdutil/run.go:14.48,20.2 4 1
github.com/x-motemen/ghq/cmdutil/run.go:23.56,29.2 4 1
github.com/x-motemen/ghq/cmdutil/run.go:32.58,39.2 5 1
github.com/x-motemen/ghq/cmdutil/run.go:42.66,49.2 5 1
github.com/x-motemen/ghq/cmdutil/run.go:55.47,57.2 1 4
github.com/x-motemen/ghq/cmdutil/run.go:60.51,61.13 1 4
github.com/x-motemen/ghq/cmdutil/run.go:61.13,63.3 1 2
github.com/x-motemen/ghq/cmdutil/run.go:64.2,65.16 2 4
github.com/x-motemen/ghq/cmdutil/run.go:65.16,67.3 1 1
github.com/x-motemen/ghq/cmdutil/run.go:69.2,69.12 1 3
github.com/x-motemen/ghq/cmdutil/run.go:79.35,81.2 1 1
github.com/x-motemen/ghq/cmd_create.go:11.37,19.16 2 11
github.com/x-motemen/ghq/cmd_create.go:19.16,21.3 1 0
github.com/x-motemen/ghq/cmd_create.go:23.2,24.16 2 11
github.com/x-motemen/ghq/cmd_create.go:24.16,26.3 1 0
github.com/x-motemen/ghq/cmd_create.go:28.2,29.16 2 11
github.com/x-motemen/ghq/cmd_create.go:29.16,31.3 1 0
github.com/x-motemen/ghq/cmd_create.go:33.2,35.16 3 11
github.com/x-motemen/ghq/cmd_create.go:35.16,37.3 1 1
github.com/x-motemen/ghq/cmd_create.go:38.2,38.9 1 10
github.com/x-motemen/ghq/cmd_create.go:38.9,40.3 1 1
github.com/x-motemen/ghq/cmd_create.go:42.2,43.16 2 9
github.com/x-motemen/ghq/cmd_create.go:43.16,45.3 1 0
github.com/x-motemen/ghq/cmd_create.go:47.2,48.9 2 9
github.com/x-motemen/ghq/cmd_create.go:48.9,50.17 2 3
github.com/x-motemen/ghq/cmd_create.go:50.17,52.4 1 1
github.com/x-motemen/ghq/cmd_create.go:54.2,54.23 1 8
github.com/x-motemen/ghq/cmd_create.go:54.23,56.3 1 0
github.com/x-motemen/ghq/cmd_create.go:58.2,59.21 2 8
github.com/x-motemen/ghq/cmd_create.go:59.21,61.3 1 1
github.com/x-motemen/ghq/cmd_create.go:63.2,63.45 1 7
github.com/x-motemen/ghq/cmd_create.go:63.45,65.3 1 0
github.com/x-motemen/ghq/cmd_create.go:67.2,67.36 1 7
github.com/x-motemen/ghq/cmd_create.go:67.36,69.3 1 0
github.com/x-motemen/ghq/cmd_create.go:70.2,71.12 2 7
github.com/x-motemen/ghq/cmd_create.go:74.51,76.16 2 11
github.com/x-motemen/ghq/cmd_create.go:76.16,77.25 1 9
github.com/x-motemen/ghq/cmd_create.go:77.25,79.4 1 8
github.com/x-motemen/ghq/cmd_create.go:80.3,80.20 1 1
github.com/x-motemen/ghq/cmd_create.go:82.2,85.19 3 2
github.com/x-motemen/ghq/cmd_create.go:85.19,87.3 1 1
github.com/x-motemen/ghq/cmd_create.go:88.2,88.19 1 1
github.com/x-motemen/ghq/cmd_get.go:22.34,40.14 3 18
github.com/x-motemen/ghq/cmd_get.go:40.14,43.3 1 1
github.com/x-motemen/ghq/cmd_get.go:44.2,44.12 1 18
github.com/x-motemen/ghq/cmd_get.go:44.12,46.3 1 1
github.com/x-motemen/ghq/cmd_get.go:48.2,55.19 2 18
github.com/x-motemen/ghq/cmd_get.go:55.19,57.3 1 16
github.com/x-motemen/ghq/cmd_get.go:57.8,59.59 2 2
github.com/x-motemen/ghq/cmd_get.go:59.59,61.4 1 0
github.com/x-motemen/ghq/cmd_get.go:62.3,62.35 1 2
github.com/x-motemen/ghq/cmd_get.go:65.2,67.17 3 18
github.com/x-motemen/ghq/cmd_get.go:67.17,69.21 2 20
github.com/x-motemen/ghq/cmd_get.go:69.21,71.4 1 18
github.com/x-motemen/ghq/cmd_get.go:72.3,73.15 2 20
github.com/x-motemen/ghq/cmd_get.go:73.15,75.23 2 2
github.com/x-motemen/ghq/cmd_get.go:75.23,76.18 1 2
github.com/x-motemen/ghq/cmd_get.go:76.18,76.27 1 2
github.com/x-motemen/ghq/cmd_get.go:77.5,77.49 1 2
github.com/x-motemen/ghq/cmd_get.go:77.49,79.6 1 0
github.com/x-motemen/ghq/cmd_get.go:80.5,80.15 1 2
github.com/x-motemen/ghq/cmd_get.go:82.9,83.48 1 18
github.com/x-motemen/ghq/cmd_get.go:83.48,85.5 1 0
github.com/x-motemen/ghq/cmd_get.go:88.2,88.33 1 18
github.com/x-motemen/ghq/cmd_get.go:88.33,90.3 1 0
github.com/x-motemen/ghq/cmd_get.go:91.2,91.33 1 18
github.com/x-motemen/ghq/cmd_get.go:91.33,93.3 1 0
github.com/x-motemen/ghq/cmd_get.go:94.2,94.13 1 18
github.com/x-motemen/ghq/cmd_get.go:94.13,95.35 1 2
github.com/x-motemen/ghq/cmd_get.go:95.35,97.4 1 0
github.com/x-motemen/ghq/cmd_get.go:98.3,98.52 1 2
github.com/x-motemen/ghq/cmd_get.go:98.52,100.4 1 2
github.com/x-motemen/ghq/cmd_get.go:102.2,102.12 1 16
github.com/x-motemen/ghq/cmd_get.go:110.36,113.2 2 32
github.com/x-motemen/ghq/cmd_get.go:115.38,117.2 1 16
github.com/x-motemen/ghq/cmd_get.go:119.36,121.2 1 16
github.com/x-motemen/ghq/cmd_get.go:129.27,131.17 2 4
github.com/x-motemen/ghq/cmd_get.go:131.17,133.3 1 4
github.com/x-motemen/ghq/cmd_get.go:134.2,134.31 1 0
github.com/x-motemen/ghq/cmd_get.go:134.31,136.3 1 0
github.com/x-motemen/ghq/cmd_get.go:137.2,137.18 1 0
github.com/x-motemen/ghq/cmd_get.go:140.41,145.65 2 4
github.com/x-motemen/ghq/cmd_get.go:145.65,146.25 1 10
github.com/x-motemen/ghq/cmd_get.go:146.25,150.4 3 2
github.com/x-motemen/ghq/cmd_get.go:151.17,153.3 1 0
github.com/x-motemen/ghq/cmd_get.go:155.2,155.26 1 4
github.com/x-motemen/ghq/cmd_get.go:155.26,156.57 1 3
github.com/x-motemen/ghq/cmd_get.go:156.57,158.18 2 3
github.com/x-motemen/ghq/cmd_get.go:158.18,160.5 1 0
github.com/x-motemen/ghq/cmd_get.go:161.4,164.18 2 3
github.com/x-motemen/ghq/cmd_get.go:164.18,166.5 1 0
github.com/x-motemen/ghq/cmd_get.go:170.2,170.25 1 4
github.com/x-motemen/ghq/cmd_get.go:171.9,172.43 1 3
github.com/x-motemen/ghq/cmd_get.go:173.9,174.46 1 0
github.com/x-motemen/ghq/cmd_get.go:175.10,178.35 3 1
github.com/x-motemen/ghq/cmd_get.go:178.35,180.4 1 2
github.com/x-motemen/ghq/cmd_get.go:181.3,181.32 1 1
github.com/x-motemen/ghq/cmd_get.go:185.57,193.2 7 2
github.com/x-motemen/ghq/cmd_list.go:13.35,24.49 2 32
github.com/x-motemen/ghq/cmd_list.go:24.49,26.3 1 4
github.com/x-motemen/ghq/cmd_list.go:27.2,27.17 1 32
github.com/x-motemen/ghq/cmd_list.go:27.17,28.82 1 23
github.com/x-motemen/ghq/cmd_list.go:28.82,29.59 1 2
github.com/x-motemen/ghq/cmd_list.go:29.59,30.67 1 2
github.com/x-motemen/ghq/cmd_list.go:30.67,32.6 1 2
github.com/x-motemen/ghq/cmd_list.go:36.3,36.12 1 23
github.com/x-motemen/ghq/cmd_list.go:36.12,37.53 1 4
github.com/x-motemen/ghq/cmd_list.go:37.53,39.5 1 32
github.com/x-motemen/ghq/cmd_list.go:40.9,43.73 3 19
github.com/x-motemen/ghq/cmd_list.go:43.73,46.5 2 6
github.com/x-motemen/ghq/cmd_list.go:48.4,48.39 1 19
github.com/x-motemen/ghq/cmd_list.go:48.39,49.54 1 13
github.com/x-motemen/ghq/cmd_list.go:49.54,52.6 1 104
github.com/x-motemen/ghq/cmd_list.go:53.10,54.54 1 6
github.com/x-motemen/ghq/cmd_list.go:54.54,57.6 1 48
github.com/x-motemen/ghq/cmd_list.go:62.2,66.74 2 32
github.com/x-motemen/ghq/cmd_list.go:66.74,67.27 1 188
github.com/x-motemen/ghq/cmd_list.go:67.27,69.4 1 161
github.com/x-motemen/ghq/cmd_list.go:70.3,72.30 3 27
github.com/x-motemen/ghq/cmd_list.go:73.17,75.3 1 0
github.com/x-motemen/ghq/cmd_list.go:77.2,78.22 2 32
github.com/x-motemen/ghq/cmd_list.go:78.22,83.30 3 3
github.com/x-motemen/ghq/cmd_list.go:83.30,84.37 1 3
github.com/x-motemen/ghq/cmd_list.go:84.37,85.39 1 2
github.com/x-motemen/ghq/cmd_list.go:85.39,87.6 1 6
github.com/x-motemen/ghq/cmd_list.go:90.4,90.59 1 3
github.com/x-motemen/ghq/cmd_list.go:93.3,93.30 1 3
github.com/x-motemen/ghq/cmd_list.go:93.30,94.66 1 3
github.com/x-motemen/ghq/cmd_list.go:94.66,95.13 1 1
github.com/x-motemen/ghq/cmd_list.go:98.4,98.38 1 2
github.com/x-motemen/ghq/cmd_list.go:98.38,99.29 1 2
github.com/x-motemen/ghq/cmd_list.go:99.29,101.11 2 2
github.com/x-motemen/ghq/cmd_list.go:105.8,106.30 1 29
github.com/x-motemen/ghq/cmd_list.go:106.30,107.22 1 24
github.com/x-motemen/ghq/cmd_list.go:107.22,109.5 1 12
github.com/x-motemen/ghq/cmd_list.go:109.10,111.5 1 12
github.com/x-motemen/ghq/cmd_list.go:114.2,115.29 2 32
github.com/x-motemen/ghq/cmd_list.go:115.29,117.3 1 26
github.com/x-motemen/ghq/cmd_list.go:118.2,118.12 1 32
github.com/x-motemen/ghq/cmd_migrate.go:15.38,23.19 2 7
github.com/x-motemen/ghq/cmd_migrate.go:23.19,25.3 1 0
github.com/x-motemen/ghq/cmd_migrate.go:28.2,29.16 2 7
github.com/x-motemen/ghq/cmd_migrate.go:29.16,31.3 1 0
github.com/x-motemen/ghq/cmd_migrate.go:34.2,34.51 1 7
github.com/x-motemen/ghq/cmd_migrate.go:34.51,36.3 1 1
github.com/x-motemen/ghq/cmd_migrate.go:36.8,36.23 1 6
github.com/x-motemen/ghq/cmd_migrate.go:36.23,38.3 1 0
github.com/x-motemen/ghq/cmd_migrate.go:41.2,42.23 2 6
github.com/x-motemen/ghq/cmd_migrate.go:42.23,44.3 1 1
github.com/x-motemen/ghq/cmd_migrate.go:47.2,47.33 1 5
github.com/x-motemen/ghq/cmd_migrate.go:47.33,49.3 1 1
github.com/x-motemen/ghq/cmd_migrate.go:50.2,51.16 2 4
github.com/x-motemen/ghq/cmd_migrate.go:51.16,53.3 1 1
github.com/x-motemen/ghq/cmd_migrate.go:56.2,57.16 2 3
github.com/x-motemen/ghq/cmd_migrate.go:57.16,59.3 1 0
github.com/x-motemen/ghq/cmd_migrate.go:62.2,63.16 2 3
github.com/x-motemen/ghq/cmd_migrate.go:63.16,65.3 1 0
github.com/x-motemen/ghq/cmd_migrate.go:67.2,70.24 2 3
github.com/x-motemen/ghq/cmd_migrate.go:70.24,72.3 1 0
github.com/x-motemen/ghq/cmd_migrate.go:75.2,75.45 1 3
github.com/x-motemen/ghq/cmd_migrate.go:75.45,77.3 1 1
github.com/x-motemen/ghq/cmd_migrate.go:77.8,77.32 1 2
github.com/x-motemen/ghq/cmd_migrate.go:77.32,79.3 1 0
github.com/x-motemen/ghq/cmd_migrate.go:82.2,82.9 1 2
github.com/x-motemen/ghq/cmd_migrate.go:82.9,85.3 2 1
github.com/x-motemen/ghq/cmd_migrate.go:88.2,88.18 1 1
github.com/x-motemen/ghq/cmd_migrate.go:88.18,90.17 2 0
github.com/x-motemen/ghq/cmd_migrate.go:90.17,92.4 1 0
github.com/x-motemen/ghq/cmd_migrate.go:93.3,93.10 1 0
github.com/x-motemen/ghq/cmd_migrate.go:93.10,95.4 1 0
github.com/x-motemen/ghq/cmd_migrate.go:99.2,100.51 2 1
github.com/x-motemen/ghq/cmd_migrate.go:100.51,102.3 1 0
github.com/x-motemen/ghq/cmd_migrate.go:105.2,105.50 1 1
github.com/x-motemen/ghq/cmd_migrate.go:105.50,107.3 1 0
github.com/x-motemen/ghq/cmd_migrate.go:109.2,110.12 2 1
github.com/x-motemen/ghq/cmd_migrate.go:114.37,117.22 2 3
github.com/x-motemen/ghq/cmd_migrate.go:117.22,119.3 1 3
github.com/x-motemen/ghq/cmd_migrate.go:122.2,125.20 3 0
github.com/x-motemen/ghq/cmd_migrate.go:125.20,127.3 1 0
github.com/x-motemen/ghq/cmd_migrate.go:130.2,131.20 2 0
github.com/x-motemen/ghq/cmd_migrate.go:131.20,133.57 1 0
github.com/x-motemen/ghq/cmd_migrate.go:133.57,136.4 1 0
github.com/x-motemen/ghq/cmd_migrate.go:137.3,137.17 1 0
github.com/x-motemen/ghq/cmd_migrate.go:140.2,140.26 1 0
github.com/x-motemen/ghq/cmd_migrate.go:144.37,145.68 1 3
github.com/x-motemen/ghq/cmd_migrate.go:145.68,146.21 1 12
github.com/x-motemen/ghq/cmd_migrate.go:146.21,148.4 1 0
github.com/x-motemen/ghq/cmd_migrate.go:150.3,151.17 2 12
github.com/x-motemen/ghq/cmd_migrate.go:151.17,153.4 1 0
github.com/x-motemen/ghq/cmd_migrate.go:154.3,156.16 2 12
github.com/x-motemen/ghq/cmd_migrate.go:156.16,158.22 2 7
github.com/x-motemen/ghq/cmd_migrate.go:158.22,160.5 1 0
github.com/x-motemen/ghq/cmd_migrate.go:161.4,161.55 1 7
github.com/x-motemen/ghq/cmd_migrate.go:165.3,166.21 2 5
github.com/x-motemen/ghq/cmd_migrate.go:166.21,168.4 1 0
github.com/x-motemen/ghq/cmd_migrate.go:171.3,171.42 1 5
github.com/x-motemen/ghq/cmd_migrate.go:171.42,173.22 2 1
github.com/x-motemen/ghq/cmd_migrate.go:173.22,175.5 1 0
github.com/x-motemen/ghq/cmd_migrate.go:176.4,176.43 1 1
github.com/x-motemen/ghq/cmd_migrate.go:180.3,180.58 1 4
github.com/x-motemen/ghq/cmd_migrate.go:183.2,183.40 1 3
github.com/x-motemen/ghq/cmd_migrate.go:187.56,189.16 2 6
github.com/x-motemen/ghq/cmd_migrate.go:189.16,191.3 1 0
github.com/x-motemen/ghq/cmd_migrate.go:192.2,195.16 3 6
github.com/x-motemen/ghq/cmd_migrate.go:195.16,197.3 1 0
github.com/x-motemen/ghq/cmd_migrate.go:198.2,201.12 3 6
github.com/x-motemen/ghq/cmd_rm.go:10.33,18.16 2 0
github.com/x-motemen/ghq/cmd_rm.go:18.16,20.3 1 0
github.com/x-motemen/ghq/cmd_rm.go:22.2,23.16 2 0
github.com/x-motemen/ghq/cmd_rm.go:23.16,25.3 1 0
github.com/x-motemen/ghq/cmd_rm.go:27.2,28.16 2 0
github.com/x-motemen/ghq/cmd_rm.go:28.16,30.3 1 0
github.com/x-motemen/ghq/cmd_rm.go:32.2,34.16 3 0
github.com/x-motemen/ghq/cmd_rm.go:34.16,36.3 1 0
github.com/x-motemen/ghq/cmd_rm.go:37.2,37.8 1 0
github.com/x-motemen/ghq/cmd_rm.go:37.8,39.3 1 0
github.com/x-motemen/ghq/cmd_rm.go:41.2,41.9 1 0
github.com/x-motemen/ghq/cmd_rm.go:41.9,44.3 2 0
github.com/x-motemen/ghq/cmd_rm.go:46.2,47.16 2 0
github.com/x-motemen/ghq/cmd_rm.go:47.16,49.3 1 0
github.com/x-motemen/ghq/cmd_rm.go:50.2,50.9 1 0
github.com/x-motemen/ghq/cmd_rm.go:50.9,52.3 1 0
github.com/x-motemen/ghq/cmd_rm.go:54.2,54.40 1 0
github.com/x-motemen/ghq/cmd_rm.go:54.40,56.3 1 0
github.com/x-motemen/ghq/cmd_rm.go:58.2,59.12 2 0
github.com/x-motemen/ghq/cmd_rm.go:62.44,65.49 3 0
github.com/x-motemen/ghq/cmd_rm.go:65.49,67.3 1 0
github.com/x-motemen/ghq/cmd_rm.go:68.2,68.29 1 0
github.com/x-motemen/ghq/cmd_root.go:9.35,11.16 2 6
github.com/x-motemen/ghq/cmd_root.go:11.16,13.3 1 0
github.com/x-motemen/ghq/cmd_root.go:14.2,14.20 1 6
github.com/x-motemen/ghq/cmd_root.go:14.20,16.3 1 3
github.com/x-motemen/ghq/cmd_root.go:18.2,18.29 1 6
github.com/x-motemen/ghq/cmd_root.go:18.29,20.17 2 8
github.com/x-motemen/ghq/cmd_root.go:20.17,22.4 1 0
github.com/x-motemen/ghq/cmd_root.go:25.2,25.12 1 6
github.com/x-motemen/ghq/commands.go:46.51,48.38 2 3
github.com/x-motemen/ghq/commands.go:48.38,50.6 1 1
github.com/x-motemen/ghq/commands.go:51.5,51.15 1 2
github.com/x-motemen/ghq/commands.go:119.69,121.35 2 2
github.com/x-motemen/ghq/commands.go:121.35,123.3 1 12
github.com/x-motemen/ghq/commands.go:124.2,124.29 1 2
github.com/x-motemen/ghq/commands.go:127.13,128.65 1 1
github.com/x-motemen/ghq/commands.go:128.65,128.89 1 6
github.com/x-motemen/ghq/commands.go:129.2,129.67 1 1
github.com/x-motemen/ghq/commands.go:129.67,129.115 1 6
github.com/x-motemen/ghq/commands.go:131.2,142.9 1 1
github.com/x-motemen/ghq/getter.go:17.45,20.2 2 14
github.com/x-motemen/ghq/getter.go:31.54,33.16 2 20
github.com/x-motemen/ghq/getter.go:33.16,35.3 1 0
github.com/x-motemen/ghq/getter.go:36.2,37.57 2 20
github.com/x-motemen/ghq/getter.go:37.57,39.3 1 1
github.com/x-motemen/ghq/getter.go:40.2,41.16 2 20
github.com/x-motemen/ghq/getter.go:41.16,43.3 1 0
github.com/x-motemen/ghq/getter.go:45.2,45.46 1 20
github.com/x-motemen/ghq/getter.go:51.95,54.16 3 20
github.com/x-motemen/ghq/getter.go:54.16,56.3 1 0
github.com/x-motemen/ghq/getter.go:57.2,67.16 4 20
github.com/x-motemen/ghq/getter.go:67.16,68.25 1 13
github.com/x-motemen/ghq/getter.go:68.25,71.4 2 13
github.com/x-motemen/ghq/getter.go:72.3,72.17 1 13
github.com/x-motemen/ghq/getter.go:72.17,74.4 1 0
github.com/x-motemen/ghq/getter.go:77.2,77.9 1 20
github.com/x-motemen/ghq/getter.go:78.15,79.39 1 13
github.com/x-motemen/ghq/getter.go:79.39,81.4 1 0
github.com/x-motemen/ghq/getter.go:81.9,83.4 1 13
github.com/x-motemen/ghq/getter.go:84.3,89.10 3 13
github.com/x-motemen/ghq/getter.go:89.10,91.18 2 13
github.com/x-motemen/ghq/getter.go:91.18,93.5 1 0
github.com/x-motemen/ghq/getter.go:95.3,95.70 1 13
github.com/x-motemen/ghq/getter.go:95.70,97.4 1 13
github.com/x-motemen/ghq/getter.go:99.3,99.13 1 13
github.com/x-motemen/ghq/getter.go:99.13,101.4 1 1
github.com/x-motemen/ghq/getter.go:103.3,103.39 1 13
github.com/x-motemen/ghq/getter.go:103.39,105.4 1 0
github.com/x-motemen/ghq/getter.go:106.3,106.33 1 13
github.com/x-motemen/ghq/getter.go:106.33,118.4 1 13
github.com/x-motemen/ghq/getter.go:119.3,119.19 1 0
github.com/x-motemen/ghq/getter.go:120.16,123.17 3 1
github.com/x-motemen/ghq/getter.go:123.17,125.4 1 0
github.com/x-motemen/ghq/getter.go:126.3,127.39 2 1
github.com/x-motemen/ghq/getter.go:127.39,129.4 1 0
github.com/x-motemen/ghq/getter.go:130.3,130.33 1 1
github.com/x-motemen/ghq/getter.go:130.33,138.4 1 1
github.com/x-motemen/ghq/getter.go:139.3,139.19 1 0
github.com/x-motemen/ghq/getter.go:141.2,142.18 2 6
github.com/x-motemen/ghq/getter.go:145.62,150.38 5 23
github.com/x-motemen/ghq/getter.go:150.38,152.64 2 27
github.com/x-motemen/ghq/getter.go:152.64,154.4 1 23
github.com/x-motemen/ghq/getter.go:156.2,156.11 1 0
github.com/x-motemen/ghq/go_import.go:19.59,26.69 5 3
github.com/x-motemen/ghq/go_import.go:26.69,29.4 1 0
github.com/x-motemen/ghq/go_import.go:31.2,34.16 4 3
github.com/x-motemen/ghq/go_import.go:34.16,36.3 1 3
github.com/x-motemen/ghq/go_import.go:37.2,39.39 2 0
github.com/x-motemen/ghq/go_import.go:45.65,47.16 2 1
github.com/x-motemen/ghq/go_import.go:47.16,49.3 1 0
github.com/x-motemen/ghq/go_import.go:51.2,54.25 3 1
github.com/x-motemen/ghq/go_import.go:54.25,55.21 1 12
github.com/x-motemen/ghq/go_import.go:55.21,57.4 1 5
github.com/x-motemen/ghq/go_import.go:58.3,58.53 1 7
github.com/x-motemen/ghq/go_import.go:58.53,63.29 2 2
github.com/x-motemen/ghq/go_import.go:63.29,64.48 1 4
github.com/x-motemen/ghq/go_import.go:64.48,66.14 2 2
github.com/x-motemen/ghq/go_import.go:68.5,68.27 1 2
github.com/x-motemen/ghq/go_import.go:68.27,70.6 1 2
github.com/x-motemen/ghq/go_import.go:72.4,72.82 1 2
github.com/x-motemen/ghq/go_import.go:72.82,78.5 1 1
github.com/x-motemen/ghq/go_import.go:80.3,80.54 1 7
github.com/x-motemen/ghq/go_import.go:80.54,82.4 1 11
github.com/x-motemen/ghq/go_import.go:84.2,86.20 2 1
github.com/x-motemen/ghq/go_import.go:86.20,88.3 1 0
github.com/x-motemen/ghq/go_import.go:89.2,90.16 2 1
github.com/x-motemen/ghq/go_import.go:90.16,92.3 1 0
github.com/x-motemen/ghq/go_import.go:93.2,93.28 1 1
github.com/x-motemen/ghq/helpers_unix.go:7.43,9.2 1 48
github.com/x-motemen/ghq/helpers_unix.go:11.48,13.2 1 8
github.com/x-motemen/ghq/local_repository.go:31.48,32.25 1 3
github.com/x-motemen/ghq/local_repository.go:32.25,34.3 1 2
github.com/x-motemen/ghq/local_repository.go:35.2,35.22 1 1
github.com/x-motemen/ghq/local_repository.go:39.98,43.16 3 249
github.com/x-motemen/ghq/local_repository.go:43.16,45.3 1 0
github.com/x-motemen/ghq/local_repository.go:46.2,47.28 2 249
github.com/x-motemen/ghq/local_repository.go:47.28,48.41 1 250
github.com/x-motemen/ghq/local_repository.go:48.41,49.12 1 1
github.com/x-motemen/ghq/local_repository.go:52.3,54.17 3 249
github.com/x-motemen/ghq/local_repository.go:54.17,55.9 1 249
github.com/x-motemen/ghq/local_repository.go:59.2,59.19 1 249
github.com/x-motemen/ghq/local_repository.go:59.19,61.3 1 0
github.com/x-motemen/ghq/local_repository.go:63.2,71.8 2 249
github.com/x-motemen/ghq/local_repository.go:75.86,81.10 4 48
github.com/x-motemen/ghq/local_repository.go:81.10,85.3 2 3
github.com/x-motemen/ghq/local_repository.go:87.2,92.65 2 48
github.com/x-motemen/ghq/local_repository.go:92.65,93.30 1 42
github.com/x-motemen/ghq/local_repository.go:93.30,97.4 3 9
github.com/x-motemen/ghq/local_repository.go:98.17,100.3 1 0
github.com/x-motemen/ghq/local_repository.go:102.2,102.28 1 48
github.com/x-motemen/ghq/local_repository.go:102.28,104.3 1 9
github.com/x-motemen/ghq/local_repository.go:105.2,106.38 2 39
github.com/x-motemen/ghq/local_repository.go:106.38,108.3 1 0
github.com/x-motemen/ghq/local_repository.go:109.2,110.16 2 39
github.com/x-motemen/ghq/local_repository.go:110.16,112.3 1 0
github.com/x-motemen/ghq/local_repository.go:115.2,120.8 1 39
github.com/x-motemen/ghq/local_repository.go:123.40,125.16 2 39
github.com/x-motemen/ghq/local_repository.go:125.16,127.3 1 14
github.com/x-motemen/ghq/local_repository.go:128.2,129.46 2 25
github.com/x-motemen/ghq/local_repository.go:129.46,131.47 2 25
github.com/x-motemen/ghq/local_repository.go:131.47,133.4 1 0
github.com/x-motemen/ghq/local_repository.go:135.2,135.16 1 25
github.com/x-motemen/ghq/local_repository.go:135.16,137.17 2 24
github.com/x-motemen/ghq/local_repository.go:137.17,139.4 1 0
github.com/x-motemen/ghq/local_repository.go:141.2,141.18 1 25
github.com/x-motemen/ghq/local_repository.go:146.50,149.32 2 48
github.com/x-motemen/ghq/local_repository.go:149.32,151.3 1 145
github.com/x-motemen/ghq/local_repository.go:153.2,153.14 1 48
github.com/x-motemen/ghq/local_repository.go:157.51,159.2 1 154
github.com/x-motemen/ghq/local_repository.go:165.60,169.41 4 2
github.com/x-motemen/ghq/local_repository.go:169.41,172.3 1 5
github.com/x-motemen/ghq/local_repository.go:173.2,173.19 1 2
github.com/x-motemen/ghq/local_repository.go:177.56,179.16 2 2
github.com/x-motemen/ghq/local_repository.go:179.16,181.3 1 0
github.com/x-motemen/ghq/local_repository.go:182.2,182.47 1 2
github.com/x-motemen/ghq/local_repository.go:186.61,187.36 1 42
github.com/x-motemen/ghq/local_repository.go:187.36,188.21 1 114
github.com/x-motemen/ghq/local_repository.go:188.21,190.4 1 6
github.com/x-motemen/ghq/local_repository.go:193.2,193.14 1 36
github.com/x-motemen/ghq/local_repository.go:197.58,198.28 1 3
github.com/x-motemen/ghq/local_repository.go:198.28,199.49 1 2
github.com/x-motemen/ghq/local_repository.go:199.49,201.22 2 3
github.com/x-motemen/ghq/local_repository.go:201.22,204.10 3 2
github.com/x-motemen/ghq/local_repository.go:208.2,208.41 1 3
github.com/x-motemen/ghq/local_repository.go:235.52,237.15 1 691
github.com/x-motemen/ghq/local_repository.go:237.15,239.10 2 48
github.com/x-motemen/ghq/local_repository.go:239.10,241.4 1 0
github.com/x-motemen/ghq/local_repository.go:242.3,242.67 1 48
github.com/x-motemen/ghq/local_repository.go:242.67,244.4 1 0
github.com/x-motemen/ghq/local_repository.go:245.3,245.41 1 48
github.com/x-motemen/ghq/local_repository.go:245.41,246.62 1 48
github.com/x-motemen/ghq/local_repository.go:246.62,248.5 1 3
github.com/x-motemen/ghq/local_repository.go:250.3,250.13 1 45
github.com/x-motemen/ghq/local_repository.go:252.2,252.38 1 643
github.com/x-motemen/ghq/local_repository.go:252.38,254.3 1 6
github.com/x-motemen/ghq/local_repository.go:255.2,255.32 1 637
github.com/x-motemen/ghq/local_repository.go:255.32,256.61 1 3815
github.com/x-motemen/ghq/local_repository.go:256.61,258.4 1 247
github.com/x-motemen/ghq/local_repository.go:260.2,260.12 1 390
github.com/x-motemen/ghq/local_repository.go:263.70,265.2 1 54
github.com/x-motemen/ghq/local_repository.go:267.79,269.16 2 86
github.com/x-motemen/ghq/local_repository.go:269.16,271.3 1 0
github.com/x-motemen/ghq/local_repository.go:273.2,273.53 1 86
github.com/x-motemen/ghq/local_repository.go:273.53,275.49 2 677
github.com/x-motemen/ghq/local_repository.go:275.49,278.18 3 2
github.com/x-motemen/ghq/local_repository.go:278.18,280.5 1 0
github.com/x-motemen/ghq/local_repository.go:281.4,282.18 2 2
github.com/x-motemen/ghq/local_repository.go:282.18,284.5 1 0
github.com/x-motemen/ghq/local_repository.go:286.3,286.18 1 677
github.com/x-motemen/ghq/local_repository.go:286.18,288.4 1 0
github.com/x-motemen/ghq/local_repository.go:289.3,290.24 2 677
github.com/x-motemen/ghq/local_repository.go:290.24,292.4 1 432
github.com/x-motemen/ghq/local_repository.go:294.3,295.32 2 245
github.com/x-motemen/ghq/local_repository.go:295.32,297.4 1 0
github.com/x-motemen/ghq/local_repository.go:298.3,300.16 2 245
github.com/x-motemen/ghq/local_repository.go:300.16,302.4 1 1
github.com/x-motemen/ghq/local_repository.go:303.3,303.26 1 244
github.com/x-motemen/ghq/local_repository.go:306.2,306.75 1 86
github.com/x-motemen/ghq/local_repository.go:306.75,307.42 1 2
github.com/x-motemen/ghq/local_repository.go:307.42,310.4 2 2
github.com/x-motemen/ghq/local_repository.go:311.3,311.13 1 0
github.com/x-motemen/ghq/local_repository.go:314.2,314.29 1 86
github.com/x-motemen/ghq/local_repository.go:314.29,316.17 2 84
github.com/x-motemen/ghq/local_repository.go:316.17,317.26 1 1
github.com/x-motemen/ghq/local_repository.go:317.26,318.13 1 1
github.com/x-motemen/ghq/local_repository.go:321.3,321.26 1 83
github.com/x-motemen/ghq/local_repository.go:321.26,323.12 2 1
github.com/x-motemen/ghq/local_repository.go:325.3,325.58 1 82
github.com/x-motemen/ghq/local_repository.go:325.58,327.4 1 0
github.com/x-motemen/ghq/local_repository.go:329.2,329.12 1 86
github.com/x-motemen/ghq/local_repository.go:338.32,339.21 1 1
github.com/x-motemen/ghq/local_repository.go:339.21,341.3 1 1
github.com/x-motemen/ghq/local_repository.go:342.2,342.24 1 1
github.com/x-motemen/ghq/local_repository.go:359.55,360.26 1 373
github.com/x-motemen/ghq/local_repository.go:360.26,363.20 3 15
github.com/x-motemen/ghq/local_repository.go:363.20,365.4 1 12
github.com/x-motemen/ghq/local_repository.go:365.9,368.48 3 3
github.com/x-motemen/ghq/local_repository.go:368.48,371.5 2 0
github.com/x-motemen/ghq/local_repository.go:373.4,373.43 1 3
github.com/x-motemen/ghq/local_repository.go:373.43,377.5 2 1
github.com/x-motemen/ghq/local_repository.go:380.3,380.22 1 15
github.com/x-motemen/ghq/local_repository.go:380.22,382.18 2 1
github.com/x-motemen/ghq/local_repository.go:382.18,385.5 2 0
github.com/x-motemen/ghq/local_repository.go:386.4,386.51 1 1
github.com/x-motemen/ghq/local_repository.go:389.3,389.27 1 15
github.com/x-motemen/ghq/local_repository.go:389.27,391.18 2 3
github.com/x-motemen/ghq/local_repository.go:391.18,394.5 2 0
github.com/x-motemen/ghq/local_repository.go:395.4,395.40 1 3
github.com/x-motemen/ghq/local_repository.go:398.3,399.27 2 15
github.com/x-motemen/ghq/local_repository.go:399.27,401.43 2 24
github.com/x-motemen/ghq/local_repository.go:401.43,402.51 1 8
github.com/x-motemen/ghq/local_repository.go:402.51,405.6 2 0
github.com/x-motemen/ghq/local_repository.go:407.4,407.29 1 24
github.com/x-motemen/ghq/local_repository.go:407.29,409.51 2 1
github.com/x-motemen/ghq/local_repository.go:409.51,412.6 2 0
github.com/x-motemen/ghq/local_repository.go:414.4,414.18 1 24
github.com/x-motemen/ghq/local_repository.go:414.18,415.13 1 1
github.com/x-motemen/ghq/local_repository.go:417.4,418.63 2 23
github.com/x-motemen/ghq/local_repository.go:421.2,421.45 1 373
github.com/x-motemen/ghq/local_repository.go:424.55,426.16 2 3
github.com/x-motemen/ghq/local_repository.go:426.16,427.32 1 2
github.com/x-motemen/ghq/local_repository.go:427.32,429.4 1 2
github.com/x-motemen/ghq/local_repository.go:430.3,430.18 1 0
github.com/x-motemen/ghq/local_repository.go:432.2,434.30 3 1
github.com/x-motemen/ghq/local_repository.go:434.30,437.3 2 3
github.com/x-motemen/ghq/local_repository.go:438.2,438.17 1 1
github.com/x-motemen/ghq/local_repository.go:441.51,443.16 2 26
github.com/x-motemen/ghq/local_repository.go:443.16,445.3 1 0
github.com/x-motemen/ghq/local_repository.go:446.2,446.22 1 26
github.com/x-motemen/ghq/main.go:15.13,16.46 1 0
github.com/x-motemen/ghq/main.go:16.46,18.45 2 0
github.com/x-motemen/ghq/main.go:18.45,20.4 1 0
github.com/x-motemen/ghq/main.go:21.3,22.20 2 0
github.com/x-motemen/ghq/main.go:26.24,40.2 7 58
github.com/x-motemen/ghq/remote_repository.go:30.46,32.2 1 20
github.com/x-motemen/ghq/remote_repository.go:35.46,36.48 1 35
github.com/x-motemen/ghq/remote_repository.go:36.48,39.3 2 1
github.com/x-motemen/ghq/remote_repository.go:40.2,41.33 2 34
github.com/x-motemen/ghq/remote_repository.go:45.68,49.43 4 18
github.com/x-motemen/ghq/remote_repository.go:49.43,51.3 1 0
github.com/x-motemen/ghq/remote_repository.go:52.2,53.28 2 18
github.com/x-motemen/ghq/remote_repository.go:62.50,64.2 1 1
github.com/x-motemen/ghq/remote_repository.go:67.50,69.2 1 2
github.com/x-motemen/ghq/remote_repository.go:72.72,74.2 1 1
github.com/x-motemen/ghq/remote_repository.go:82.48,84.2 1 1
github.com/x-motemen/ghq/remote_repository.go:87.48,89.2 1 2
github.com/x-motemen/ghq/remote_repository.go:92.70,94.2 1 1
github.com/x-motemen/ghq/remote_repository.go:102.49,104.2 1 1
github.com/x-motemen/ghq/remote_repository.go:107.49,109.2 1 2
github.com/x-motemen/ghq/remote_repository.go:112.71,114.2 1 1
github.com/x-motemen/ghq/remote_repository.go:122.50,124.2 1 0
github.com/x-motemen/ghq/remote_repository.go:127.50,129.2 1 0
github.com/x-motemen/ghq/remote_repository.go:132.72,135.2 2 0
github.com/x-motemen/ghq/remote_repository.go:142.46,144.2 1 0
github.com/x-motemen/ghq/remote_repository.go:147.46,149.2 1 0
github.com/x-motemen/ghq/remote_repository.go:152.68,154.2 1 0
github.com/x-motemen/ghq/remote_repository.go:162.45,164.2 1 8
github.com/x-motemen/ghq/remote_repository.go:167.45,169.2 1 7
github.com/x-motemen/ghq/remote_repository.go:182.67,188.46 2 4
github.com/x-motemen/ghq/remote_repository.go:188.46,190.3 1 0
github.com/x-motemen/ghq/remote_repository.go:191.2,191.41 1 4
github.com/x-motemen/ghq/remote_repository.go:191.41,193.3 1 0
github.com/x-motemen/ghq/remote_repository.go:195.2,195.71 1 4
github.com/x-motemen/ghq/remote_repository.go:195.71,197.3 1 1
github.com/x-motemen/ghq/remote_repository.go:199.2,200.78 2 3
github.com/x-motemen/ghq/remote_repository.go:200.78,202.3 1 0
github.com/x-motemen/ghq/remote_repository.go:205.2,205.67 1 3
github.com/x-motemen/ghq/remote_repository.go:205.67,207.3 1 0
github.com/x-motemen/ghq/remote_repository.go:209.2,209.23 1 3
github.com/x-motemen/ghq/remote_repository.go:210.38,211.40 1 0
github.com/x-motemen/ghq/remote_repository.go:214.2,214.71 1 3
github.com/x-motemen/ghq/remote_repository.go:214.71,216.3 1 0
github.com/x-motemen/ghq/remote_repository.go:218.2,219.16 2 3
github.com/x-motemen/ghq/remote_repository.go:219.16,222.3 1 0
github.com/x-motemen/ghq/remote_repository.go:224.2,224.69 1 3
github.com/x-motemen/ghq/remote_repository.go:224.69,226.3 1 0
github.com/x-motemen/ghq/remote_repository.go:228.2,228.79 1 3
github.com/x-motemen/ghq/remote_repository.go:228.79,230.3 1 0
github.com/x-motemen/ghq/remote_repository.go:232.2,232.77 1 3
github.com/x-motemen/ghq/remote_repository.go:236.64,237.34 1 39
github.com/x-motemen/ghq/remote_repository.go:237.34,238.31 1 39
github.com/x-motemen/ghq/remote_repository.go:238.31,240.4 1 0
github.com/x-motemen/ghq/remote_repository.go:241.3,241.17 1 39
github.com/x-motemen/ghq/remote_repository.go:242.21,243.31 1 32
github.com/x-motemen/ghq/remote_repository.go:244.26,245.35 1 1
github.com/x-motemen/ghq/remote_repository.go:246.24,247.33 1 1
github.com/x-motemen/ghq/remote_repository.go:248.25,249.34 1 1
github.com/x-motemen/ghq/remote_repository.go:250.24,251.31 1 0
github.com/x-motemen/ghq/remote_repository.go:252.11,253.30 1 4
github.com/x-motemen/ghq/remote_repository.go:256.2,256.21 1 39
github.com/x-motemen/ghq/remote_repository.go:256.21,258.3 1 1
github.com/x-motemen/ghq/remote_repository.go:259.2,259.18 1 38
github.com/x-motemen/ghq/url.go:28.62,33.41 3 53
github.com/x-motemen/ghq/url.go:33.41,34.40 1 2
github.com/x-motemen/ghq/url.go:34.40,39.18 4 2
github.com/x-motemen/ghq/url.go:39.18,41.5 1 0
github.com/x-motemen/ghq/url.go:42.4,42.28 1 2
github.com/x-motemen/ghq/url.go:42.28,44.74 2 2
github.com/x-motemen/ghq/url.go:44.74,46.6 1 2
github.com/x-motemen/ghq/url.go:49.4,49.27 1 2
github.com/x-motemen/ghq/url.go:49.27,53.5 2 2
github.com/x-motemen/ghq/url.go:57.2,57.47 1 53
github.com/x-motemen/ghq/url.go:57.47,63.23 3 0
github.com/x-motemen/ghq/url.go:63.23,74.15 3 0
github.com/x-motemen/ghq/url.go:74.15,76.5 1 0
github.com/x-motemen/ghq/url.go:78.4,78.15 1 0
github.com/x-motemen/ghq/url.go:78.15,87.19 7 0
github.com/x-motemen/ghq/url.go:87.19,88.31 1 0
github.com/x-motemen/ghq/url.go:88.31,90.7 1 0
github.com/x-motemen/ghq/url.go:90.12,92.7 1 0
github.com/x-motemen/ghq/url.go:93.6,93.16 1 0
github.com/x-motemen/ghq/url.go:96.5,96.48 1 0
github.com/x-motemen/ghq/url.go:100.3,106.9 1 0
github.com/x-motemen/ghq/url.go:109.2,109.40 1 53
github.com/x-motemen/ghq/url.go:109.40,110.41 1 39
github.com/x-motemen/ghq/url.go:110.41,121.4 5 3
github.com/x-motemen/ghq/url.go:121.9,124.73 2 36
github.com/x-motemen/ghq/url.go:124.73,126.5 1 10
github.com/x-motemen/ghq/url.go:130.2,131.16 2 53
github.com/x-motemen/ghq/url.go:131.16,133.3 1 1
github.com/x-motemen/ghq/url.go:134.2,134.16 1 52
github.com/x-motemen/ghq/url.go:134.16,135.37 1 26
github.com/x-motemen/ghq/url.go:135.37,137.18 2 3
github.com/x-motemen/ghq/url.go:137.18,139.5 1 1
github.com/x-motemen/ghq/url.go:141.3,143.23 3 25
github.com/x-motemen/ghq/url.go:143.23,145.4 1 25
github.com/x-motemen/ghq/url.go:148.2,148.9 1 51
github.com/x-motemen/ghq/url.go:148.9,150.53 1 1
github.com/x-motemen/ghq/url.go:150.53,152.4 1 0
github.com/x-motemen/ghq/url.go:155.2,155.15 1 51
github.com/x-motemen/ghq/url.go:158.59,160.19 2 4
github.com/x-motemen/ghq/url.go:160.19,162.3 1 1
github.com/x-motemen/ghq/url.go:163.2,164.24 2 4
github.com/x-motemen/ghq/url.go:167.39,169.62 2 2
github.com/x-motemen/ghq/url.go:169.62,171.3 1 0
github.com/x-motemen/ghq/url.go:173.2,174.62 2 2
github.com/x-motemen/ghq/url.go:174.62,176.3 1 1
github.com/x-motemen/ghq/url.go:178.2,178.22 1 1
github.com/x-motemen/ghq/url.go:179.17,180.31 1 0
github.com/x-motemen/ghq/url.go:181.10,182.27 1 1
github.com/x-motemen/ghq/url.go:184.2,184.16 1 1
github.com/x-motemen/ghq/url.go:184.16,187.3 1 1
github.com/x-motemen/ghq/url.go:188.2,188.18 1 0
github.com/x-motemen/ghq/url.go:191.68,192.14 1 4
github.com/x-motemen/ghq/url.go:192.14,194.47 2 4
github.com/x-motemen/ghq/url.go:194.47,196.4 1 1
github.com/x-motemen/ghq/url.go:197.3,197.34 1 3
github.com/x-motemen/ghq/url.go:197.34,199.4 1 1
github.com/x-motemen/ghq/url.go:201.2,202.16 2 2
github.com/x-motemen/ghq/url.go:202.16,204.3 1 1
github.com/x-motemen/ghq/url.go:205.2,205.31 1 1
github.com/x-motemen/ghq/vcs.go:18.66,19.12 1 24
github.com/x-motemen/ghq/vcs.go:19.12,21.3 1 2
github.com/x-motemen/ghq/vcs.go:22.2,22.20 1 22
github.com/x-motemen/ghq/vcs.go:25.76,26.12 1 16
github.com/x-motemen/ghq/vcs.go:26.12,28.3 1 4
github.com/x-motemen/ghq/vcs.go:29.2,29.25 1 12
github.com/x-motemen/ghq/vcs.go:55.50,60.22 4 4
github.com/x-motemen/ghq/vcs.go:60.22,62.22 2 3
github.com/x-motemen/ghq/vcs.go:62.22,64.4 1 3
github.com/x-motemen/ghq/vcs.go:68.2,71.20 4 1
github.com/x-motemen/ghq/vcs.go:71.20,73.3 1 0
github.com/x-motemen/ghq/vcs.go:75.2,76.49 2 1
github.com/x-motemen/ghq/vcs.go:76.49,78.3 1 1
github.com/x-motemen/ghq/vcs.go:81.2,85.19 5 0
github.com/x-motemen/ghq/vcs.go:85.19,87.3 1 0
github.com/x-motemen/ghq/vcs.go:89.2,90.20 2 0
github.com/x-motemen/ghq/vcs.go:90.20,92.3 1 0
github.com/x-motemen/ghq/vcs.go:94.2,94.22 1 0
github.com/x-motemen/ghq/vcs.go:100.38,103.17 3 7
github.com/x-motemen/ghq/vcs.go:103.17,105.4 1 0
github.com/x-motemen/ghq/vcs.go:107.3,108.17 2 7
github.com/x-motemen/ghq/vcs.go:108.17,110.4 1 1
github.com/x-motemen/ghq/vcs.go:111.3,111.22 1 7
github.com/x-motemen/ghq/vcs.go:111.22,113.4 1 1
github.com/x-motemen/ghq/vcs.go:114.3,114.19 1 7
github.com/x-motemen/ghq/vcs.go:114.19,116.4 1 1
github.com/x-motemen/ghq/vcs.go:117.3,117.14 1 7
github.com/x-motemen/ghq/vcs.go:117.14,119.4 1 1
github.com/x-motemen/ghq/vcs.go:120.3,120.31 1 7
github.com/x-motemen/ghq/vcs.go:120.31,122.4 1 1
github.com/x-motemen/ghq/vcs.go:122.9,122.38 1 6
github.com/x-motemen/ghq/vcs.go:122.38,124.4 1 1
github.com/x-motemen/ghq/vcs.go:125.3,127.40 2 7
github.com/x-motemen/ghq/vcs.go:129.39,130.71 1 4
github.com/x-motemen/ghq/vcs.go:130.71,132.4 1 1
github.com/x-motemen/ghq/vcs.go:133.3,133.14 1 3
github.com/x-motemen/ghq/vcs.go:133.14,135.4 1 0
github.com/x-motemen/ghq/vcs.go:136.3,137.17 2 3
github.com/x-motemen/ghq/vcs.go:137.17,139.18 2 1
github.com/x-motemen/ghq/vcs.go:139.18,141.5 1 0
github.com/x-motemen/ghq/vcs.go:142.4,142.14 1 1
github.com/x-motemen/ghq/vcs.go:144.3,145.17 2 2
github.com/x-motemen/ghq/vcs.go:145.17,147.4 1 0
github.com/x-motemen/ghq/vcs.go:148.3,148.19 1 2
github.com/x-motemen/ghq/vcs.go:148.19,150.4 1 1
github.com/x-motemen/ghq/vcs.go:151.3,151.13 1 1
github.com/x-motemen/ghq/vcs.go:153.31,155.37 2 2
github.com/x-motemen/ghq/vcs.go:155.37,157.4 1 0
github.com/x-motemen/ghq/vcs.go:158.3,158.47 1 2
github.com/x-motemen/ghq/vcs.go:161.46,163.3 1 4
github.com/x-motemen/ghq/vcs.go:184.66,186.65 2 11
github.com/x-motemen/ghq/vcs.go:186.65,187.15 1 1
github.com/x-motemen/ghq/vcs.go:187.15,189.4 1 0
github.com/x-motemen/ghq/vcs.go:190.3,191.46 2 1
github.com/x-motemen/ghq/vcs.go:195.31,196.33 1 11
github.com/x-motemen/ghq/vcs.go:196.33,198.3 1 0
github.com/x-motemen/ghq/vcs.go:199.2,199.35 1 11
github.com/x-motemen/ghq/vcs.go:204.38,208.17 4 4
github.com/x-motemen/ghq/vcs.go:208.17,210.4 1 0
github.com/x-motemen/ghq/vcs.go:212.3,213.17 2 4
github.com/x-motemen/ghq/vcs.go:213.17,215.4 1 1
github.com/x-motemen/ghq/vcs.go:216.3,217.22 2 4
github.com/x-motemen/ghq/vcs.go:217.22,222.4 4 1
github.com/x-motemen/ghq/vcs.go:222.9,222.52 1 3
github.com/x-motemen/ghq/vcs.go:222.52,225.78 3 3
github.com/x-motemen/ghq/vcs.go:225.78,227.5 1 1
github.com/x-motemen/ghq/vcs.go:229.3,231.40 2 4
github.com/x-motemen/ghq/vcs.go:233.39,235.3 1 1
github.com/x-motemen/ghq/vcs.go:237.46,241.17 4 0
github.com/x-motemen/ghq/vcs.go:241.17,243.4 1 0
github.com/x-motemen/ghq/vcs.go:244.3,245.16 2 0
github.com/x-motemen/ghq/vcs.go:245.16,247.4 1 0
github.com/x-motemen/ghq/vcs.go:248.3,248.18 1 0
github.com/x-motemen/ghq/vcs.go:256.38,263.17 6 4
github.com/x-motemen/ghq/vcs.go:263.17,265.4 1 0
github.com/x-motemen/ghq/vcs.go:267.3,267.51 1 4
github.com/x-motemen/ghq/vcs.go:267.51,274.4 6 3
github.com/x-motemen/ghq/vcs.go:275.3,278.22 4 4
github.com/x-motemen/ghq/vcs.go:278.22,284.4 5 2
github.com/x-motemen/ghq/vcs.go:284.9,284.22 1 2
github.com/x-motemen/ghq/vcs.go:284.22,288.18 4 2
github.com/x-motemen/ghq/vcs.go:288.18,291.5 2 1
github.com/x-motemen/ghq/vcs.go:291.10,293.5 1 1
github.com/x-motemen/ghq/vcs.go:296.3,296.17 1 4
github.com/x-motemen/ghq/vcs.go:296.17,297.21 1 2
github.com/x-motemen/ghq/vcs.go:297.21,299.19 2 1
github.com/x-motemen/ghq/vcs.go:299.19,301.6 1 0
github.com/x-motemen/ghq/vcs.go:302.5,302.19 1 1
github.com/x-motemen/ghq/vcs.go:304.4,305.18 2 2
github.com/x-motemen/ghq/vcs.go:305.18,307.5 1 0
github.com/x-motemen/ghq/vcs.go:308.4,308.55 1 2
github.com/x-motemen/ghq/vcs.go:310.3,311.40 2 4
github.com/x-motemen/ghq/vcs.go:313.39,315.3 1 2
github.com/x-motemen/ghq/vcs.go:317.46,320.3 1 0
github.com/x-motemen/ghq/vcs.go:326.38,329.17 3 3
github.com/x-motemen/ghq/vcs.go:329.17,331.4 1 0
github.com/x-motemen/ghq/vcs.go:332.3,333.22 2 3
github.com/x-motemen/ghq/vcs.go:333.22,335.4 1 1
github.com/x-motemen/ghq/vcs.go:336.3,338.39 2 3
github.com/x-motemen/ghq/vcs.go:340.39,342.3 1 1
github.com/x-motemen/ghq/vcs.go:343.31,345.3 1 1
github.com/x-motemen/ghq/vcs.go:347.46,351.17 4 0
github.com/x-motemen/ghq/vcs.go:351.17,353.4 1 0
github.com/x-motemen/ghq/vcs.go:354.3,355.16 2 0
github.com/x-motemen/ghq/vcs.go:355.16,357.4 1 0
github.com/x-motemen/ghq/vcs.go:358.3,358.18 1 0
github.com/x-motemen/ghq/vcs.go:364.38,365.22 1 3
github.com/x-motemen/ghq/vcs.go:365.22,367.4 1 1
github.com/x-motemen/ghq/vcs.go:369.3,371.17 3 2
github.com/x-motemen/ghq/vcs.go:371.17,373.4 1 0
github.com/x-motemen/ghq/vcs.go:375.3,376.17 2 2
github.com/x-motemen/ghq/vcs.go:376.17,378.4 1 1
github.com/x-motemen/ghq/vcs.go:379.3,381.42 2 2
github.com/x-motemen/ghq/vcs.go:383.39,385.3 1 1
github.com/x-motemen/ghq/vcs.go:386.31,388.3 1 1
github.com/x-motemen/ghq/vcs.go:390.46,394.17 4 0
github.com/x-motemen/ghq/vcs.go:394.17,396.4 1 0
github.com/x-motemen/ghq/vcs.go:397.3,398.30 2 0
github.com/x-motemen/ghq/vcs.go:398.30,399.69 1 0
github.com/x-motemen/ghq/vcs.go:399.69,401.24 2 0
github.com/x-motemen/ghq/vcs.go:401.24,403.19 2 0
github.com/x-motemen/ghq/vcs.go:403.19,405.7 1 0
github.com/x-motemen/ghq/vcs.go:409.3,409.51 1 0
github.com/x-motemen/ghq/vcs.go:415.38,418.17 3 1
github.com/x-motemen/ghq/vcs.go:418.17,420.4 1 0
github.com/x-motemen/ghq/vcs.go:422.3,423.22 2 1
github.com/x-motemen/ghq/vcs.go:423.22,425.4 1 0
github.com/x-motemen/ghq/vcs.go:426.3,428.42 2 1
github.com/x-motemen/ghq/vcs.go:430.39,432.3 1 1
github.com/x-motemen/ghq/vcs.go:433.31,435.3 1 1
github.com/x-motemen/ghq/vcs.go:437.46,441.17 4 0
github.com/x-motemen/ghq/vcs.go:441.17,443.4 1 0
github.com/x-motemen/ghq/vcs.go:444.3,445.30 2 0
github.com/x-motemen/ghq/vcs.go:445.30,447.21 2 0
github.com/x-motemen/ghq/vcs.go:447.21,450.5 1 0
github.com/x-motemen/ghq/vcs.go:452.3,452.44 1 0
github.com/x-motemen/ghq/vcs.go:457.38,459.3 1 2
github.com/x-motemen/ghq/vcs.go:460.39,462.3 1 1
github.com/x-motemen/ghq/vcs.go:470.38,471.22 1 2
github.com/x-motemen/ghq/vcs.go:471.22,473.4 1 1
github.com/x-motemen/ghq/vcs.go:474.3,474.51 1 1
github.com/x-motemen/ghq/vcs.go:474.51,476.4 1 0
github.com/x-motemen/ghq/vcs.go:478.3,478.115 1 1
github.com/x-motemen/ghq/vcs.go:478.115,480.4 1 0
github.com/x-motemen/ghq/vcs.go:481.3,481.71 1 1
github.com/x-motemen/ghq/vcs.go:483.39,485.3 1 1
github.com/x-motemen/ghq/vcs.go:486.31,487.81 1 1
github.com/x-motemen/ghq/vcs.go:487.81,489.4 1 0
github.com/x-motemen/ghq/vcs.go:490.3,490.65 1 1
github.com/x-motemen/ghq/vcs.go:493.46,497.17 4 0
github.com/x-motemen/ghq/vcs.go:497.17,499.4 1 0
github.com/x-motemen/ghq/vcs.go:500.3,501.32 2 0
github.com/x-motemen/ghq/vcs.go:501.32,503.4 1 0
github.com/x-motemen/ghq/vcs.go:504.3,504.18 1 0
github.com/x-motemen/ghq/vcs.go:511.38,512.22 1 3
github.com/x-motemen/ghq/vcs.go:512.22,514.4 1 1
github.com/x-motemen/ghq/vcs.go:515.3,517.17 3 2
github.com/x-motemen/ghq/vcs.go:517.17,519.4 1 0
github.com/x-motemen/ghq/vcs.go:520.3,520.66 1 2
github.com/x-motemen/ghq/vcs.go:522.39,525.3 1 1
github.com/x-motemen/ghq/vcs.go:526.31,528.3 1 1
github.com/x-motemen/ghq/vcs.go:530.46,534.17 4 0
github.com/x-motemen/ghq/vcs.go:534.17,536.4 1 0
github.com/x-motemen/ghq/vcs.go:537.3,538.16 2 0
github.com/x-motemen/ghq/vcs.go:538.16,540.4 1 0
github.com/x-motemen/ghq/vcs.go:541.3,541.18 1 0
